[2026-02-27 15:05:07,153][fvcore.nn.jit_analysis][WARNING] - Unsupported operator aten::lt encountered 1 time(s)
[2026-02-27 15:05:07,154][fvcore.nn.jit_analysis][WARNING] - Unsupported operator aten::repeat encountered 53 time(s)
[2026-02-27 15:05:07,154][fvcore.nn.jit_analysis][WARNING] - Unsupported operator aten::add_ encountered 103 time(s)
[2026-02-27 15:05:07,155][fvcore.nn.jit_analysis][WARNING] - Unsupported operator aten::tanh encountered 103 time(s)
[2026-02-27 15:05:07,155][fvcore.nn.jit_analysis][WARNING] - Unsupported operator aten::mul encountered 106 time(s)
[2026-02-27 15:05:07,155][fvcore.nn.jit_analysis][WARNING] - Unsupported operator aten::rsub encountered 53 time(s)
[2026-02-27 15:05:07,155][fvcore.nn.jit_analysis][WARNING] - Unsupported operator aten::add encountered 53 time(s)
[2026-02-27 15:05:09,105][fvcore.nn.jit_analysis][WARNING] - Unsupported operator aten::lt encountered 1 time(s)
[2026-02-27 15:05:09,105][fvcore.nn.jit_analysis][WARNING] - Unsupported operator aten::repeat encountered 53 time(s)
[2026-02-27 15:05:09,105][fvcore.nn.jit_analysis][WARNING] - Unsupported operator aten::add_ encountered 103 time(s)
[2026-02-27 15:05:09,106][fvcore.nn.jit_analysis][WARNING] - Unsupported operator aten::tanh encountered 103 time(s)
[2026-02-27 15:05:09,106][fvcore.nn.jit_analysis][WARNING] - Unsupported operator aten::mul encountered 106 time(s)
[2026-02-27 15:05:09,106][fvcore.nn.jit_analysis][WARNING] - Unsupported operator aten::rsub encountered 53 time(s)
[2026-02-27 15:05:09,106][fvcore.nn.jit_analysis][WARNING] - Unsupported operator aten::add encountered 53 time(s)
[2026-02-27 15:05:11,060][fvcore.nn.jit_analysis][WARNING] - Unsupported operator aten::lt encountered 1 time(s)
[2026-02-27 15:05:11,061][fvcore.nn.jit_analysis][WARNING] - Unsupported operator aten::repeat encountered 53 time(s)
[2026-02-27 15:05:11,061][fvcore.nn.jit_analysis][WARNING] - Unsupported operator aten::add_ encountered 103 time(s)
[2026-02-27 15:05:11,061][fvcore.nn.jit_analysis][WARNING] - Unsupported operator aten::tanh encountered 103 time(s)
[2026-02-27 15:05:11,061][fvcore.nn.jit_analysis][WARNING] - Unsupported operator aten::mul encountered 106 time(s)
[2026-02-27 15:05:11,061][fvcore.nn.jit_analysis][WARNING] - Unsupported operator aten::rsub encountered 53 time(s)
[2026-02-27 15:05:11,062][fvcore.nn.jit_analysis][WARNING] - Unsupported operator aten::add encountered 53 time(s)
[2026-02-27 15:05:13,121][fvcore.nn.jit_analysis][WARNING] - Unsupported operator aten::lt encountered 1 time(s)
[2026-02-27 15:05:13,122][fvcore.nn.jit_analysis][WARNING] - Unsupported operator aten::repeat encountered 53 time(s)
[2026-02-27 15:05:13,122][fvcore.nn.jit_analysis][WARNING] - Unsupported operator aten::add_ encountered 103 time(s)
[2026-02-27 15:05:13,123][fvcore.nn.jit_analysis][WARNING] - Unsupported operator aten::tanh encountered 103 time(s)
[2026-02-27 15:05:13,123][fvcore.nn.jit_analysis][WARNING] - Unsupported operator aten::mul encountered 106 time(s)
[2026-02-27 15:05:13,123][fvcore.nn.jit_analysis][WARNING] - Unsupported operator aten::rsub encountered 53 time(s)
[2026-02-27 15:05:13,123][fvcore.nn.jit_analysis][WARNING] - Unsupported operator aten::add encountered 53 time(s)
[2026-02-27 15:05:15,084][fvcore.nn.jit_analysis][WARNING] - Unsupported operator aten::lt encountered 1 time(s)
[2026-02-27 15:05:15,084][fvcore.nn.jit_analysis][WARNING] - Unsupported operator aten::repeat encountered 53 time(s)
[2026-02-27 15:05:15,084][fvcore.nn.jit_analysis][WARNING] - Unsupported operator aten::add_ encountered 103 time(s)
[2026-02-27 15:05:15,084][fvcore.nn.jit_analysis][WARNING] - Unsupported operator aten::tanh encountered 103 time(s)
[2026-02-27 15:05:15,084][fvcore.nn.jit_analysis][WARNING] - Unsupported operator aten::mul encountered 106 time(s)
[2026-02-27 15:05:15,085][fvcore.nn.jit_analysis][WARNING] - Unsupported operator aten::rsub encountered 53 time(s)
[2026-02-27 15:05:15,085][fvcore.nn.jit_analysis][WARNING] - Unsupported operator aten::add encountered 53 time(s)
[2026-02-27 15:05:17,044][fvcore.nn.jit_analysis][WARNING] - Unsupported operator aten::lt encountered 1 time(s)
[2026-02-27 15:05:17,045][fvcore.nn.jit_analysis][WARNING] - Unsupported operator aten::repeat encountered 53 time(s)
[2026-02-27 15:05:17,045][fvcore.nn.jit_analysis][WARNING] - Unsupported operator aten::add_ encountered 103 time(s)
[2026-02-27 15:05:17,045][fvcore.nn.jit_analysis][WARNING] - Unsupported operator aten::tanh encountered 103 time(s)
[2026-02-27 15:05:17,045][fvcore.nn.jit_analysis][WARNING] - Unsupported operator aten::mul encountered 106 time(s)
[2026-02-27 15:05:17,045][fvcore.nn.jit_analysis][WARNING] - Unsupported operator aten::rsub encountered 53 time(s)
[2026-02-27 15:05:17,046][fvcore.nn.jit_analysis][WARNING] - Unsupported operator aten::add encountered 53 time(s)
[2026-02-27 15:05:19,001][fvcore.nn.jit_analysis][WARNING] - Unsupported operator aten::lt encountered 1 time(s)
[2026-02-27 15:05:19,001][fvcore.nn.jit_analysis][WARNING] - Unsupported operator aten::repeat encountered 53 time(s)
[2026-02-27 15:05:19,002][fvcore.nn.jit_analysis][WARNING] - Unsupported operator aten::add_ encountered 103 time(s)
[2026-02-27 15:05:19,002][fvcore.nn.jit_analysis][WARNING] - Unsupported operator aten::tanh encountered 103 time(s)
[2026-02-27 15:05:19,002][fvcore.nn.jit_analysis][WARNING] - Unsupported operator aten::mul encountered 106 time(s)
[2026-02-27 15:05:19,002][fvcore.nn.jit_analysis][WARNING] - Unsupported operator aten::rsub encountered 53 time(s)
[2026-02-27 15:05:19,002][fvcore.nn.jit_analysis][WARNING] - Unsupported operator aten::add encountered 53 time(s)
[2026-02-27 15:05:20,960][fvcore.nn.jit_analysis][WARNING] - Unsupported operator aten::lt encountered 1 time(s)
[2026-02-27 15:05:20,960][fvcore.nn.jit_analysis][WARNING] - Unsupported operator aten::repeat encountered 53 time(s)
[2026-02-27 15:05:20,961][fvcore.nn.jit_analysis][WARNING] - Unsupported operator aten::add_ encountered 103 time(s)
[2026-02-27 15:05:20,961][fvcore.nn.jit_analysis][WARNING] - Unsupported operator aten::tanh encountered 103 time(s)
[2026-02-27 15:05:20,961][fvcore.nn.jit_analysis][WARNING] - Unsupported operator aten::mul encountered 106 time(s)
[2026-02-27 15:05:20,961][fvcore.nn.jit_analysis][WARNING] - Unsupported operator aten::rsub encountered 53 time(s)
[2026-02-27 15:05:20,961][fvcore.nn.jit_analysis][WARNING] - Unsupported operator aten::add encountered 53 time(s)
[2026-02-27 15:05:22,916][fvcore.nn.jit_analysis][WARNING] - Unsupported operator aten::lt encountered 1 time(s)
[2026-02-27 15:05:22,916][fvcore.nn.jit_analysis][WARNING] - Unsupported operator aten::repeat encountered 53 time(s)
[2026-02-27 15:05:22,916][fvcore.nn.jit_analysis][WARNING] - Unsupported operator aten::add_ encountered 103 time(s)
[2026-02-27 15:05:22,917][fvcore.nn.jit_analysis][WARNING] - Unsupported operator aten::tanh encountered 103 time(s)
[2026-02-27 15:05:22,917][fvcore.nn.jit_analysis][WARNING] - Unsupported operator aten::mul encountered 106 time(s)
[2026-02-27 15:05:22,917][fvcore.nn.jit_analysis][WARNING] - Unsupported operator aten::rsub encountered 53 time(s)
[2026-02-27 15:05:22,917][fvcore.nn.jit_analysis][WARNING] - Unsupported operator aten::add encountered 53 time(s)
[2026-02-27 15:05:24,864][fvcore.nn.jit_analysis][WARNING] - Unsupported operator aten::lt encountered 1 time(s)
[2026-02-27 15:05:24,864][fvcore.nn.jit_analysis][WARNING] - Unsupported operator aten::repeat encountered 53 time(s)
[2026-02-27 15:05:24,865][fvcore.nn.jit_analysis][WARNING] - Unsupported operator aten::add_ encountered 103 time(s)
[2026-02-27 15:05:24,865][fvcore.nn.jit_analysis][WARNING] - Unsupported operator aten::tanh encountered 103 time(s)
[2026-02-27 15:05:24,865][fvcore.nn.jit_analysis][WARNING] - Unsupported operator aten::mul encountered 106 time(s)
[2026-02-27 15:05:24,865][fvcore.nn.jit_analysis][WARNING] - Unsupported operator aten::rsub encountered 53 time(s)
[2026-02-27 15:05:24,865][fvcore.nn.jit_analysis][WARNING] - Unsupported operator aten::add encountered 53 time(s)
[2026-02-27 15:05:26,820][fvcore.nn.jit_analysis][WARNING] - Unsupported operator aten::lt encountered 1 time(s)
[2026-02-27 15:05:26,821][fvcore.nn.jit_analysis][WARNING] - Unsupported operator aten::repeat encountered 53 time(s)
[2026-02-27 15:05:26,821][fvcore.nn.jit_analysis][WARNING] - Unsupported operator aten::add_ encountered 103 time(s)
[2026-02-27 15:05:26,821][fvcore.nn.jit_analysis][WARNING] - Unsupported operator aten::tanh encountered 103 time(s)
[2026-02-27 15:05:26,821][fvcore.nn.jit_analysis][WARNING] - Unsupported operator aten::mul encountered 106 time(s)
[2026-02-27 15:05:26,821][fvcore.nn.jit_analysis][WARNING] - Unsupported operator aten::rsub encountered 53 time(s)
[2026-02-27 15:05:26,821][fvcore.nn.jit_analysis][WARNING] - Unsupported operator aten::add encountered 53 time(s)
[2026-02-27 15:05:28,775][fvcore.nn.jit_analysis][WARNING] - Unsupported operator aten::lt encountered 1 time(s)
[2026-02-27 15:05:28,776][fvcore.nn.jit_analysis][WARNING] - Unsupported operator aten::repeat encountered 53 time(s)
[2026-02-27 15:05:28,776][fvcore.nn.jit_analysis][WARNING] - Unsupported operator aten::add_ encountered 103 time(s)
[2026-02-27 15:05:28,776][fvcore.nn.jit_analysis][WARNING] - Unsupported operator aten::tanh encountered 103 time(s)
[2026-02-27 15:05:28,777][fvcore.nn.jit_analysis][WARNING] - Unsupported operator aten::mul encountered 106 time(s)
[2026-02-27 15:05:28,777][fvcore.nn.jit_analysis][WARNING] - Unsupported operator aten::rsub encountered 53 time(s)
[2026-02-27 15:05:28,777][fvcore.nn.jit_analysis][WARNING] - Unsupported operator aten::add encountered 53 time(s)
[2026-02-27 15:05:30,731][fvcore.nn.jit_analysis][WARNING] - Unsupported operator aten::lt encountered 1 time(s)
[2026-02-27 15:05:30,732][fvcore.nn.jit_analysis][WARNING] - Unsupported operator aten::repeat encountered 53 time(s)
[2026-02-27 15:05:30,732][fvcore.nn.jit_analysis][WARNING] - Unsupported operator aten::add_ encountered 103 time(s)
[2026-02-27 15:05:30,732][fvcore.nn.jit_analysis][WARNING] - Unsupported operator aten::tanh encountered 103 time(s)
[2026-02-27 15:05:30,732][fvcore.nn.jit_analysis][WARNING] - Unsupported operator aten::mul encountered 106 time(s)
[2026-02-27 15:05:30,732][fvcore.nn.jit_analysis][WARNING] - Unsupported operator aten::rsub encountered 53 time(s)
[2026-02-27 15:05:30,732][fvcore.nn.jit_analysis][WARNING] - Unsupported operator aten::add encountered 53 time(s)
[2026-02-27 15:05:32,691][fvcore.nn.jit_analysis][WARNING] - Unsupported operator aten::lt encountered 1 time(s)
[2026-02-27 15:05:32,692][fvcore.nn.jit_analysis][WARNING] - Unsupported operator aten::repeat encountered 53 time(s)
[2026-02-27 15:05:32,692][fvcore.nn.jit_analysis][WARNING] - Unsupported operator aten::add_ encountered 103 time(s)
[2026-02-27 15:05:32,692][fvcore.nn.jit_analysis][WARNING] - Unsupported operator aten::tanh encountered 103 time(s)
[2026-02-27 15:05:32,692][fvcore.nn.jit_analysis][WARNING] - Unsupported operator aten::mul encountered 106 time(s)
[2026-02-27 15:05:32,692][fvcore.nn.jit_analysis][WARNING] - Unsupported operator aten::rsub encountered 53 time(s)
[2026-02-27 15:05:32,692][fvcore.nn.jit_analysis][WARNING] - Unsupported operator aten::add encountered 53 time(s)
[2026-02-27 15:05:34,650][fvcore.nn.jit_analysis][WARNING] - Unsupported operator aten::lt encountered 1 time(s)
[2026-02-27 15:05:34,651][fvcore.nn.jit_analysis][WARNING] - Unsupported operator aten::repeat encountered 53 time(s)
[2026-02-27 15:05:34,651][fvcore.nn.jit_analysis][WARNING] - Unsupported operator aten::add_ encountered 103 time(s)
[2026-02-27 15:05:34,651][fvcore.nn.jit_analysis][WARNING] - Unsupported operator aten::tanh encountered 103 time(s)
[2026-02-27 15:05:34,651][fvcore.nn.jit_analysis][WARNING] - Unsupported operator aten::mul encountered 106 time(s)
[2026-02-27 15:05:34,651][fvcore.nn.jit_analysis][WARNING] - Unsupported operator aten::rsub encountered 53 time(s)
[2026-02-27 15:05:34,651][fvcore.nn.jit_analysis][WARNING] - Unsupported operator aten::add encountered 53 time(s)
[2026-02-27 15:05:36,613][fvcore.nn.jit_analysis][WARNING] - Unsupported operator aten::lt encountered 1 time(s)
[2026-02-27 15:05:36,613][fvcore.nn.jit_analysis][WARNING] - Unsupported operator aten::repeat encountered 53 time(s)
[2026-02-27 15:05:36,614][fvcore.nn.jit_analysis][WARNING] - Unsupported operator aten::add_ encountered 103 time(s)
[2026-02-27 15:05:36,614][fvcore.nn.jit_analysis][WARNING] - Unsupported operator aten::tanh encountered 103 time(s)
[2026-02-27 15:05:36,614][fvcore.nn.jit_analysis][WARNING] - Unsupported operator aten::mul encountered 106 time(s)
[2026-02-27 15:05:36,614][fvcore.nn.jit_analysis][WARNING] - Unsupported operator aten::rsub encountered 53 time(s)
[2026-02-27 15:05:36,614][fvcore.nn.jit_analysis][WARNING] - Unsupported operator aten::add encountered 53 time(s)
[2026-02-27 15:05:38,571][fvcore.nn.jit_analysis][WARNING] - Unsupported operator aten::lt encountered 1 time(s)
[2026-02-27 15:05:38,571][fvcore.nn.jit_analysis][WARNING] - Unsupported operator aten::repeat encountered 53 time(s)
[2026-02-27 15:05:38,571][fvcore.nn.jit_analysis][WARNING] - Unsupported operator aten::add_ encountered 103 time(s)
[2026-02-27 15:05:38,571][fvcore.nn.jit_analysis][WARNING] - Unsupported operator aten::tanh encountered 103 time(s)
[2026-02-27 15:05:38,571][fvcore.nn.jit_analysis][WARNING] - Unsupported operator aten::mul encountered 106 time(s)
[2026-02-27 15:05:38,571][fvcore.nn.jit_analysis][WARNING] - Unsupported operator aten::rsub encountered 53 time(s)
[2026-02-27 15:05:38,572][fvcore.nn.jit_analysis][WARNING] - Unsupported operator aten::add encountered 53 time(s)
[2026-02-27 15:05:40,659][fvcore.nn.jit_analysis][WARNING] - Unsupported operator aten::lt encountered 1 time(s)
[2026-02-27 15:05:40,660][fvcore.nn.jit_analysis][WARNING] - Unsupported operator aten::repeat encountered 53 time(s)
[2026-02-27 15:05:40,660][fvcore.nn.jit_analysis][WARNING] - Unsupported operator aten::add_ encountered 103 time(s)
[2026-02-27 15:05:40,660][fvcore.nn.jit_analysis][WARNING] - Unsupported operator aten::tanh encountered 103 time(s)
[2026-02-27 15:05:40,660][fvcore.nn.jit_analysis][WARNING] - Unsupported operator aten::mul encountered 106 time(s)
[2026-02-27 15:05:40,661][fvcore.nn.jit_analysis][WARNING] - Unsupported operator aten::rsub encountered 53 time(s)
[2026-02-27 15:05:40,661][fvcore.nn.jit_analysis][WARNING] - Unsupported operator aten::add encountered 53 time(s)
[2026-02-27 15:05:42,621][fvcore.nn.jit_analysis][WARNING] - Unsupported operator aten::lt encountered 1 time(s)
[2026-02-27 15:05:42,622][fvcore.nn.jit_analysis][WARNING] - Unsupported operator aten::repeat encountered 53 time(s)
[2026-02-27 15:05:42,622][fvcore.nn.jit_analysis][WARNING] - Unsupported operator aten::add_ encountered 103 time(s)
[2026-02-27 15:05:42,622][fvcore.nn.jit_analysis][WARNING] - Unsupported operator aten::tanh encountered 103 time(s)
[2026-02-27 15:05:42,622][fvcore.nn.jit_analysis][WARNING] - Unsupported operator aten::mul encountered 106 time(s)
[2026-02-27 15:05:42,622][fvcore.nn.jit_analysis][WARNING] - Unsupported operator aten::rsub encountered 53 time(s)
[2026-02-27 15:05:42,622][fvcore.nn.jit_analysis][WARNING] - Unsupported operator aten::add encountered 53 time(s)
[2026-02-27 15:05:44,578][fvcore.nn.jit_analysis][WARNING] - Unsupported operator aten::lt encountered 1 time(s)
[2026-02-27 15:05:44,578][fvcore.nn.jit_analysis][WARNING] - Unsupported operator aten::repeat encountered 53 time(s)
[2026-02-27 15:05:44,578][fvcore.nn.jit_analysis][WARNING] - Unsupported operator aten::add_ encountered 103 time(s)
[2026-02-27 15:05:44,579][fvcore.nn.jit_analysis][WARNING] - Unsupported operator aten::tanh encountered 103 time(s)
[2026-02-27 15:05:44,579][fvcore.nn.jit_analysis][WARNING] - Unsupported operator aten::mul encountered 106 time(s)
[2026-02-27 15:05:44,579][fvcore.nn.jit_analysis][WARNING] - Unsupported operator aten::rsub encountered 53 time(s)
[2026-02-27 15:05:44,579][fvcore.nn.jit_analysis][WARNING] - Unsupported operator aten::add encountered 53 time(s)
[2026-02-27 15:05:46,533][fvcore.nn.jit_analysis][WARNING] - Unsupported operator aten::lt encountered 1 time(s)
[2026-02-27 15:05:46,533][fvcore.nn.jit_analysis][WARNING] - Unsupported operator aten::repeat encountered 53 time(s)
[2026-02-27 15:05:46,533][fvcore.nn.jit_analysis][WARNING] - Unsupported operator aten::add_ encountered 103 time(s)
[2026-02-27 15:05:46,534][fvcore.nn.jit_analysis][WARNING] - Unsupported operator aten::tanh encountered 103 time(s)
[2026-02-27 15:05:46,534][fvcore.nn.jit_analysis][WARNING] - Unsupported operator aten::mul encountered 106 time(s)
[2026-02-27 15:05:46,534][fvcore.nn.jit_analysis][WARNING] - Unsupported operator aten::rsub encountered 53 time(s)
[2026-02-27 15:05:46,534][fvcore.nn.jit_analysis][WARNING] - Unsupported operator aten::add encountered 53 time(s)
[2026-02-27 15:05:48,492][fvcore.nn.jit_analysis][WARNING] - Unsupported operator aten::lt encountered 1 time(s)
[2026-02-27 15:05:48,492][fvcore.nn.jit_analysis][WARNING] - Unsupported operator aten::repeat encountered 53 time(s)
[2026-02-27 15:05:48,492][fvcore.nn.jit_analysis][WARNING] - Unsupported operator aten::add_ encountered 103 time(s)
[2026-02-27 15:05:48,493][fvcore.nn.jit_analysis][WARNING] - Unsupported operator aten::tanh encountered 103 time(s)
[2026-02-27 15:05:48,493][fvcore.nn.jit_analysis][WARNING] - Unsupported operator aten::mul encountered 106 time(s)
[2026-02-27 15:05:48,493][fvcore.nn.jit_analysis][WARNING] - Unsupported operator aten::rsub encountered 53 time(s)
[2026-02-27 15:05:48,493][fvcore.nn.jit_analysis][WARNING] - Unsupported operator aten::add encountered 53 time(s)
[2026-02-27 15:05:50,452][fvcore.nn.jit_analysis][WARNING] - Unsupported operator aten::lt encountered 1 time(s)
[2026-02-27 15:05:50,453][fvcore.nn.jit_analysis][WARNING] - Unsupported operator aten::repeat encountered 53 time(s)
[2026-02-27 15:05:50,453][fvcore.nn.jit_analysis][WARNING] - Unsupported operator aten::add_ encountered 103 time(s)
[2026-02-27 15:05:50,453][fvcore.nn.jit_analysis][WARNING] - Unsupported operator aten::tanh encountered 103 time(s)
[2026-02-27 15:05:50,453][fvcore.nn.jit_analysis][WARNING] - Unsupported operator aten::mul encountered 106 time(s)
[2026-02-27 15:05:50,453][fvcore.nn.jit_analysis][WARNING] - Unsupported operator aten::rsub encountered 53 time(s)
[2026-02-27 15:05:50,453][fvcore.nn.jit_analysis][WARNING] - Unsupported operator aten::add encountered 53 time(s)
[2026-02-27 15:05:52,409][fvcore.nn.jit_analysis][WARNING] - Unsupported operator aten::lt encountered 1 time(s)
[2026-02-27 15:05:52,409][fvcore.nn.jit_analysis][WARNING] - Unsupported operator aten::repeat encountered 53 time(s)
[2026-02-27 15:05:52,409][fvcore.nn.jit_analysis][WARNING] - Unsupported operator aten::add_ encountered 103 time(s)
[2026-02-27 15:05:52,410][fvcore.nn.jit_analysis][WARNING] - Unsupported operator aten::tanh encountered 103 time(s)
[2026-02-27 15:05:52,410][fvcore.nn.jit_analysis][WARNING] - Unsupported operator aten::mul encountered 106 time(s)
[2026-02-27 15:05:52,410][fvcore.nn.jit_analysis][WARNING] - Unsupported operator aten::rsub encountered 53 time(s)
[2026-02-27 15:05:52,410][fvcore.nn.jit_analysis][WARNING] - Unsupported operator aten::add encountered 53 time(s)
[2026-02-27 15:05:54,375][fvcore.nn.jit_analysis][WARNING] - Unsupported operator aten::lt encountered 1 time(s)
[2026-02-27 15:05:54,376][fvcore.nn.jit_analysis][WARNING] - Unsupported operator aten::repeat encountered 53 time(s)
[2026-02-27 15:05:54,376][fvcore.nn.jit_analysis][WARNING] - Unsupported operator aten::add_ encountered 103 time(s)
[2026-02-27 15:05:54,376][fvcore.nn.jit_analysis][WARNING] - Unsupported operator aten::tanh encountered 103 time(s)
[2026-02-27 15:05:54,376][fvcore.nn.jit_analysis][WARNING] - Unsupported operator aten::mul encountered 106 time(s)
[2026-02-27 15:05:54,376][fvcore.nn.jit_analysis][WARNING] - Unsupported operator aten::rsub encountered 53 time(s)
[2026-02-27 15:05:54,376][fvcore.nn.jit_analysis][WARNING] - Unsupported operator aten::add encountered 53 time(s)
[2026-02-27 15:05:56,328][fvcore.nn.jit_analysis][WARNING] - Unsupported operator aten::lt encountered 1 time(s)
[2026-02-27 15:05:56,328][fvcore.nn.jit_analysis][WARNING] - Unsupported operator aten::repeat encountered 53 time(s)
[2026-02-27 15:05:56,328][fvcore.nn.jit_analysis][WARNING] - Unsupported operator aten::add_ encountered 103 time(s)
[2026-02-27 15:05:56,329][fvcore.nn.jit_analysis][WARNING] - Unsupported operator aten::tanh encountered 103 time(s)
[2026-02-27 15:05:56,329][fvcore.nn.jit_analysis][WARNING] - Unsupported operator aten::mul encountered 106 time(s)
[2026-02-27 15:05:56,329][fvcore.nn.jit_analysis][WARNING] - Unsupported operator aten::rsub encountered 53 time(s)
[2026-02-27 15:05:56,329][fvcore.nn.jit_analysis][WARNING] - Unsupported operator aten::add encountered 53 time(s)
[2026-02-27 15:05:58,284][fvcore.nn.jit_analysis][WARNING] - Unsupported operator aten::lt encountered 1 time(s)
[2026-02-27 15:05:58,284][fvcore.nn.jit_analysis][WARNING] - Unsupported operator aten::repeat encountered 53 time(s)
[2026-02-27 15:05:58,285][fvcore.nn.jit_analysis][WARNING] - Unsupported operator aten::add_ encountered 103 time(s)
[2026-02-27 15:05:58,285][fvcore.nn.jit_analysis][WARNING] - Unsupported operator aten::tanh encountered 103 time(s)
[2026-02-27 15:05:58,285][fvcore.nn.jit_analysis][WARNING] - Unsupported operator aten::mul encountered 106 time(s)
[2026-02-27 15:05:58,285][fvcore.nn.jit_analysis][WARNING] - Unsupported operator aten::rsub encountered 53 time(s)
[2026-02-27 15:05:58,285][fvcore.nn.jit_analysis][WARNING] - Unsupported operator aten::add encountered 53 time(s)
[2026-02-27 15:06:00,248][fvcore.nn.jit_analysis][WARNING] - Unsupported operator aten::lt encountered 1 time(s)
[2026-02-27 15:06:00,248][fvcore.nn.jit_analysis][WARNING] - Unsupported operator aten::repeat encountered 53 time(s)
[2026-02-27 15:06:00,248][fvcore.nn.jit_analysis][WARNING] - Unsupported operator aten::add_ encountered 103 time(s)
[2026-02-27 15:06:00,249][fvcore.nn.jit_analysis][WARNING] - Unsupported operator aten::tanh encountered 103 time(s)
[2026-02-27 15:06:00,249][fvcore.nn.jit_analysis][WARNING] - Unsupported operator aten::mul encountered 106 time(s)
[2026-02-27 15:06:00,249][fvcore.nn.jit_analysis][WARNING] - Unsupported operator aten::rsub encountered 53 time(s)
[2026-02-27 15:06:00,249][fvcore.nn.jit_analysis][WARNING] - Unsupported operator aten::add encountered 53 time(s)
[2026-02-27 15:06:02,203][fvcore.nn.jit_analysis][WARNING] - Unsupported operator aten::lt encountered 1 time(s)
[2026-02-27 15:06:02,204][fvcore.nn.jit_analysis][WARNING] - Unsupported operator aten::repeat encountered 53 time(s)
[2026-02-27 15:06:02,204][fvcore.nn.jit_analysis][WARNING] - Unsupported operator aten::add_ encountered 103 time(s)
[2026-02-27 15:06:02,204][fvcore.nn.jit_analysis][WARNING] - Unsupported operator aten::tanh encountered 103 time(s)
[2026-02-27 15:06:02,204][fvcore.nn.jit_analysis][WARNING] - Unsupported operator aten::mul encountered 106 time(s)
[2026-02-27 15:06:02,204][fvcore.nn.jit_analysis][WARNING] - Unsupported operator aten::rsub encountered 53 time(s)
[2026-02-27 15:06:02,204][fvcore.nn.jit_analysis][WARNING] - Unsupported operator aten::add encountered 53 time(s)
[2026-02-27 15:06:04,159][fvcore.nn.jit_analysis][WARNING] - Unsupported operator aten::lt encountered 1 time(s)
[2026-02-27 15:06:04,159][fvcore.nn.jit_analysis][WARNING] - Unsupported operator aten::repeat encountered 53 time(s)
[2026-02-27 15:06:04,160][fvcore.nn.jit_analysis][WARNING] - Unsupported operator aten::add_ encountered 103 time(s)
[2026-02-27 15:06:04,160][fvcore.nn.jit_analysis][WARNING] - Unsupported operator aten::tanh encountered 103 time(s)
[2026-02-27 15:06:04,160][fvcore.nn.jit_analysis][WARNING] - Unsupported operator aten::mul encountered 106 time(s)
[2026-02-27 15:06:04,160][fvcore.nn.jit_analysis][WARNING] - Unsupported operator aten::rsub encountered 53 time(s)
[2026-02-27 15:06:04,160][fvcore.nn.jit_analysis][WARNING] - Unsupported operator aten::add encountered 53 time(s)
[2026-02-27 15:06:06,118][fvcore.nn.jit_analysis][WARNING] - Unsupported operator aten::lt encountered 1 time(s)
[2026-02-27 15:06:06,118][fvcore.nn.jit_analysis][WARNING] - Unsupported operator aten::repeat encountered 53 time(s)
[2026-02-27 15:06:06,118][fvcore.nn.jit_analysis][WARNING] - Unsupported operator aten::add_ encountered 103 time(s)
[2026-02-27 15:06:06,118][fvcore.nn.jit_analysis][WARNING] - Unsupported operator aten::tanh encountered 103 time(s)
[2026-02-27 15:06:06,118][fvcore.nn.jit_analysis][WARNING] - Unsupported operator aten::mul encountered 106 time(s)
[2026-02-27 15:06:06,119][fvcore.nn.jit_analysis][WARNING] - Unsupported operator aten::rsub encountered 53 time(s)
[2026-02-27 15:06:06,119][fvcore.nn.jit_analysis][WARNING] - Unsupported operator aten::add encountered 53 time(s)
[2026-02-27 15:06:08,208][fvcore.nn.jit_analysis][WARNING] - Unsupported operator aten::lt encountered 1 time(s)
[2026-02-27 15:06:08,209][fvcore.nn.jit_analysis][WARNING] - Unsupported operator aten::repeat encountered 53 time(s)
[2026-02-27 15:06:08,209][fvcore.nn.jit_analysis][WARNING] - Unsupported operator aten::add_ encountered 103 time(s)
[2026-02-27 15:06:08,209][fvcore.nn.jit_analysis][WARNING] - Unsupported operator aten::tanh encountered 103 time(s)
[2026-02-27 15:06:08,210][fvcore.nn.jit_analysis][WARNING] - Unsupported operator aten::mul encountered 106 time(s)
[2026-02-27 15:06:08,210][fvcore.nn.jit_analysis][WARNING] - Unsupported operator aten::rsub encountered 53 time(s)
[2026-02-27 15:06:08,210][fvcore.nn.jit_analysis][WARNING] - Unsupported operator aten::add encountered 53 time(s)
[2026-02-27 15:06:10,169][fvcore.nn.jit_analysis][WARNING] - Unsupported operator aten::lt encountered 1 time(s)
[2026-02-27 15:06:10,170][fvcore.nn.jit_analysis][WARNING] - Unsupported operator aten::repeat encountered 53 time(s)
[2026-02-27 15:06:10,170][fvcore.nn.jit_analysis][WARNING] - Unsupported operator aten::add_ encountered 103 time(s)
[2026-02-27 15:06:10,170][fvcore.nn.jit_analysis][WARNING] - Unsupported operator aten::tanh encountered 103 time(s)
[2026-02-27 15:06:10,170][fvcore.nn.jit_analysis][WARNING] - Unsupported operator aten::mul encountered 106 time(s)
[2026-02-27 15:06:10,170][fvcore.nn.jit_analysis][WARNING] - Unsupported operator aten::rsub encountered 53 time(s)
[2026-02-27 15:06:10,171][fvcore.nn.jit_analysis][WARNING] - Unsupported operator aten::add encountered 53 time(s)
[2026-02-27 15:06:12,125][fvcore.nn.jit_analysis][WARNING] - Unsupported operator aten::lt encountered 1 time(s)
[2026-02-27 15:06:12,126][fvcore.nn.jit_analysis][WARNING] - Unsupported operator aten::repeat encountered 53 time(s)
[2026-02-27 15:06:12,126][fvcore.nn.jit_analysis][WARNING] - Unsupported operator aten::add_ encountered 103 time(s)
[2026-02-27 15:06:12,126][fvcore.nn.jit_analysis][WARNING] - Unsupported operator aten::tanh encountered 103 time(s)
[2026-02-27 15:06:12,126][fvcore.nn.jit_analysis][WARNING] - Unsupported operator aten::mul encountered 106 time(s)
[2026-02-27 15:06:12,126][fvcore.nn.jit_analysis][WARNING] - Unsupported operator aten::rsub encountered 53 time(s)
[2026-02-27 15:06:12,126][fvcore.nn.jit_analysis][WARNING] - Unsupported operator aten::add encountered 53 time(s)
[2026-02-27 15:06:14,087][fvcore.nn.jit_analysis][WARNING] - Unsupported operator aten::lt encountered 1 time(s)
[2026-02-27 15:06:14,087][fvcore.nn.jit_analysis][WARNING] - Unsupported operator aten::repeat encountered 53 time(s)
[2026-02-27 15:06:14,088][fvcore.nn.jit_analysis][WARNING] - Unsupported operator aten::add_ encountered 103 time(s)
[2026-02-27 15:06:14,088][fvcore.nn.jit_analysis][WARNING] - Unsupported operator aten::tanh encountered 103 time(s)
[2026-02-27 15:06:14,088][fvcore.nn.jit_analysis][WARNING] - Unsupported operator aten::mul encountered 106 time(s)
[2026-02-27 15:06:14,088][fvcore.nn.jit_analysis][WARNING] - Unsupported operator aten::rsub encountered 53 time(s)
[2026-02-27 15:06:14,088][fvcore.nn.jit_analysis][WARNING] - Unsupported operator aten::add encountered 53 time(s)
[2026-02-27 15:06:16,046][fvcore.nn.jit_analysis][WARNING] - Unsupported operator aten::lt encountered 1 time(s)
[2026-02-27 15:06:16,047][fvcore.nn.jit_analysis][WARNING] - Unsupported operator aten::repeat encountered 53 time(s)
[2026-02-27 15:06:16,047][fvcore.nn.jit_analysis][WARNING] - Unsupported operator aten::add_ encountered 103 time(s)
[2026-02-27 15:06:16,047][fvcore.nn.jit_analysis][WARNING] - Unsupported operator aten::tanh encountered 103 time(s)
[2026-02-27 15:06:16,047][fvcore.nn.jit_analysis][WARNING] - Unsupported operator aten::mul encountered 106 time(s)
[2026-02-27 15:06:16,048][fvcore.nn.jit_analysis][WARNING] - Unsupported operator aten::rsub encountered 53 time(s)
[2026-02-27 15:06:16,048][fvcore.nn.jit_analysis][WARNING] - Unsupported operator aten::add encountered 53 time(s)
[2026-02-27 15:06:18,008][fvcore.nn.jit_analysis][WARNING] - Unsupported operator aten::lt encountered 1 time(s)
[2026-02-27 15:06:18,008][fvcore.nn.jit_analysis][WARNING] - Unsupported operator aten::repeat encountered 53 time(s)
[2026-02-27 15:06:18,009][fvcore.nn.jit_analysis][WARNING] - Unsupported operator aten::add_ encountered 103 time(s)
[2026-02-27 15:06:18,009][fvcore.nn.jit_analysis][WARNING] - Unsupported operator aten::tanh encountered 103 time(s)
[2026-02-27 15:06:18,009][fvcore.nn.jit_analysis][WARNING] - Unsupported operator aten::mul encountered 106 time(s)
[2026-02-27 15:06:18,009][fvcore.nn.jit_analysis][WARNING] - Unsupported operator aten::rsub encountered 53 time(s)
[2026-02-27 15:06:18,009][fvcore.nn.jit_analysis][WARNING] - Unsupported operator aten::add encountered 53 time(s)
[2026-02-27 15:06:19,976][fvcore.nn.jit_analysis][WARNING] - Unsupported operator aten::lt encountered 1 time(s)
[2026-02-27 15:06:19,977][fvcore.nn.jit_analysis][WARNING] - Unsupported operator aten::repeat encountered 53 time(s)
[2026-02-27 15:06:19,977][fvcore.nn.jit_analysis][WARNING] - Unsupported operator aten::add_ encountered 103 time(s)
[2026-02-27 15:06:19,977][fvcore.nn.jit_analysis][WARNING] - Unsupported operator aten::tanh encountered 103 time(s)
[2026-02-27 15:06:19,977][fvcore.nn.jit_analysis][WARNING] - Unsupported operator aten::mul encountered 106 time(s)
[2026-02-27 15:06:19,977][fvcore.nn.jit_analysis][WARNING] - Unsupported operator aten::rsub encountered 53 time(s)
[2026-02-27 15:06:19,977][fvcore.nn.jit_analysis][WARNING] - Unsupported operator aten::add encountered 53 time(s)
[2026-02-27 15:06:21,936][fvcore.nn.jit_analysis][WARNING] - Unsupported operator aten::lt encountered 1 time(s)
[2026-02-27 15:06:21,936][fvcore.nn.jit_analysis][WARNING] - Unsupported operator aten::repeat encountered 53 time(s)
[2026-02-27 15:06:21,937][fvcore.nn.jit_analysis][WARNING] - Unsupported operator aten::add_ encountered 103 time(s)
[2026-02-27 15:06:21,937][fvcore.nn.jit_analysis][WARNING] - Unsupported operator aten::tanh encountered 103 time(s)
[2026-02-27 15:06:21,937][fvcore.nn.jit_analysis][WARNING] - Unsupported operator aten::mul encountered 106 time(s)
[2026-02-27 15:06:21,937][fvcore.nn.jit_analysis][WARNING] - Unsupported operator aten::rsub encountered 53 time(s)
[2026-02-27 15:06:21,937][fvcore.nn.jit_analysis][WARNING] - Unsupported operator aten::add encountered 53 time(s)
[2026-02-27 15:06:23,895][fvcore.nn.jit_analysis][WARNING] - Unsupported operator aten::lt encountered 1 time(s)
[2026-02-27 15:06:23,895][fvcore.nn.jit_analysis][WARNING] - Unsupported operator aten::repeat encountered 53 time(s)
[2026-02-27 15:06:23,895][fvcore.nn.jit_analysis][WARNING] - Unsupported operator aten::add_ encountered 103 time(s)
[2026-02-27 15:06:23,895][fvcore.nn.jit_analysis][WARNING] - Unsupported operator aten::tanh encountered 103 time(s)
[2026-02-27 15:06:23,895][fvcore.nn.jit_analysis][WARNING] - Unsupported operator aten::mul encountered 106 time(s)
[2026-02-27 15:06:23,896][fvcore.nn.jit_analysis][WARNING] - Unsupported operator aten::rsub encountered 53 time(s)
[2026-02-27 15:06:23,896][fvcore.nn.jit_analysis][WARNING] - Unsupported operator aten::add encountered 53 time(s)
[2026-02-27 15:06:25,855][fvcore.nn.jit_analysis][WARNING] - Unsupported operator aten::lt encountered 1 time(s)
[2026-02-27 15:06:25,856][fvcore.nn.jit_analysis][WARNING] - Unsupported operator aten::repeat encountered 53 time(s)
[2026-02-27 15:06:25,856][fvcore.nn.jit_analysis][WARNING] - Unsupported operator aten::add_ encountered 103 time(s)
[2026-02-27 15:06:25,856][fvcore.nn.jit_analysis][WARNING] - Unsupported operator aten::tanh encountered 103 time(s)
[2026-02-27 15:06:25,857][fvcore.nn.jit_analysis][WARNING] - Unsupported operator aten::mul encountered 106 time(s)
[2026-02-27 15:06:25,857][fvcore.nn.jit_analysis][WARNING] - Unsupported operator aten::rsub encountered 53 time(s)
[2026-02-27 15:06:25,857][fvcore.nn.jit_analysis][WARNING] - Unsupported operator aten::add encountered 53 time(s)
[2026-02-27 15:06:27,813][fvcore.nn.jit_analysis][WARNING] - Unsupported operator aten::lt encountered 1 time(s)
[2026-02-27 15:06:27,814][fvcore.nn.jit_analysis][WARNING] - Unsupported operator aten::repeat encountered 53 time(s)
[2026-02-27 15:06:27,814][fvcore.nn.jit_analysis][WARNING] - Unsupported operator aten::add_ encountered 103 time(s)
[2026-02-27 15:06:27,814][fvcore.nn.jit_analysis][WARNING] - Unsupported operator aten::tanh encountered 103 time(s)
[2026-02-27 15:06:27,814][fvcore.nn.jit_analysis][WARNING] - Unsupported operator aten::mul encountered 106 time(s)
[2026-02-27 15:06:27,814][fvcore.nn.jit_analysis][WARNING] - Unsupported operator aten::rsub encountered 53 time(s)
[2026-02-27 15:06:27,814][fvcore.nn.jit_analysis][WARNING] - Unsupported operator aten::add encountered 53 time(s)
[2026-02-27 15:06:29,772][fvcore.nn.jit_analysis][WARNING] - Unsupported operator aten::lt encountered 1 time(s)
[2026-02-27 15:06:29,773][fvcore.nn.jit_analysis][WARNING] - Unsupported operator aten::repeat encountered 53 time(s)
[2026-02-27 15:06:29,773][fvcore.nn.jit_analysis][WARNING] - Unsupported operator aten::add_ encountered 103 time(s)
[2026-02-27 15:06:29,773][fvcore.nn.jit_analysis][WARNING] - Unsupported operator aten::tanh encountered 103 time(s)
[2026-02-27 15:06:29,773][fvcore.nn.jit_analysis][WARNING] - Unsupported operator aten::mul encountered 106 time(s)
[2026-02-27 15:06:29,774][fvcore.nn.jit_analysis][WARNING] - Unsupported operator aten::rsub encountered 53 time(s)
[2026-02-27 15:06:29,774][fvcore.nn.jit_analysis][WARNING] - Unsupported operator aten::add encountered 53 time(s)
[2026-02-27 15:06:31,726][fvcore.nn.jit_analysis][WARNING] - Unsupported operator aten::lt encountered 1 time(s)
[2026-02-27 15:06:31,726][fvcore.nn.jit_analysis][WARNING] - Unsupported operator aten::repeat encountered 53 time(s)
[2026-02-27 15:06:31,727][fvcore.nn.jit_analysis][WARNING] - Unsupported operator aten::add_ encountered 103 time(s)
[2026-02-27 15:06:31,727][fvcore.nn.jit_analysis][WARNING] - Unsupported operator aten::tanh encountered 103 time(s)
[2026-02-27 15:06:31,727][fvcore.nn.jit_analysis][WARNING] - Unsupported operator aten::mul encountered 106 time(s)
[2026-02-27 15:06:31,727][fvcore.nn.jit_analysis][WARNING] - Unsupported operator aten::rsub encountered 53 time(s)
[2026-02-27 15:06:31,727][fvcore.nn.jit_analysis][WARNING] - Unsupported operator aten::add encountered 53 time(s)
[2026-02-27 15:06:33,681][fvcore.nn.jit_analysis][WARNING] - Unsupported operator aten::lt encountered 1 time(s)
[2026-02-27 15:06:33,682][fvcore.nn.jit_analysis][WARNING] - Unsupported operator aten::repeat encountered 53 time(s)
[2026-02-27 15:06:33,682][fvcore.nn.jit_analysis][WARNING] - Unsupported operator aten::add_ encountered 103 time(s)
[2026-02-27 15:06:33,682][fvcore.nn.jit_analysis][WARNING] - Unsupported operator aten::tanh encountered 103 time(s)
[2026-02-27 15:06:33,682][fvcore.nn.jit_analysis][WARNING] - Unsupported operator aten::mul encountered 106 time(s)
[2026-02-27 15:06:33,682][fvcore.nn.jit_analysis][WARNING] - Unsupported operator aten::rsub encountered 53 time(s)
[2026-02-27 15:06:33,682][fvcore.nn.jit_analysis][WARNING] - Unsupported operator aten::add encountered 53 time(s)
[2026-02-27 15:06:35,775][fvcore.nn.jit_analysis][WARNING] - Unsupported operator aten::lt encountered 1 time(s)
[2026-02-27 15:06:35,775][fvcore.nn.jit_analysis][WARNING] - Unsupported operator aten::repeat encountered 53 time(s)
[2026-02-27 15:06:35,776][fvcore.nn.jit_analysis][WARNING] - Unsupported operator aten::add_ encountered 103 time(s)
[2026-02-27 15:06:35,776][fvcore.nn.jit_analysis][WARNING] - Unsupported operator aten::tanh encountered 103 time(s)
[2026-02-27 15:06:35,776][fvcore.nn.jit_analysis][WARNING] - Unsupported operator aten::mul encountered 106 time(s)
[2026-02-27 15:06:35,776][fvcore.nn.jit_analysis][WARNING] - Unsupported operator aten::rsub encountered 53 time(s)
[2026-02-27 15:06:35,776][fvcore.nn.jit_analysis][WARNING] - Unsupported operator aten::add encountered 53 time(s)
[2026-02-27 15:06:37,732][fvcore.nn.jit_analysis][WARNING] - Unsupported operator aten::lt encountered 1 time(s)
[2026-02-27 15:06:37,732][fvcore.nn.jit_analysis][WARNING] - Unsupported operator aten::repeat encountered 53 time(s)
[2026-02-27 15:06:37,732][fvcore.nn.jit_analysis][WARNING] - Unsupported operator aten::add_ encountered 103 time(s)
[2026-02-27 15:06:37,733][fvcore.nn.jit_analysis][WARNING] - Unsupported operator aten::tanh encountered 103 time(s)
[2026-02-27 15:06:37,733][fvcore.nn.jit_analysis][WARNING] - Unsupported operator aten::mul encountered 106 time(s)
[2026-02-27 15:06:37,733][fvcore.nn.jit_analysis][WARNING] - Unsupported operator aten::rsub encountered 53 time(s)
[2026-02-27 15:06:37,733][fvcore.nn.jit_analysis][WARNING] - Unsupported operator aten::add encountered 53 time(s)
[2026-02-27 15:06:39,693][fvcore.nn.jit_analysis][WARNING] - Unsupported operator aten::lt encountered 1 time(s)
[2026-02-27 15:06:39,694][fvcore.nn.jit_analysis][WARNING] - Unsupported operator aten::repeat encountered 53 time(s)
[2026-02-27 15:06:39,694][fvcore.nn.jit_analysis][WARNING] - Unsupported operator aten::add_ encountered 103 time(s)
[2026-02-27 15:06:39,694][fvcore.nn.jit_analysis][WARNING] - Unsupported operator aten::tanh encountered 103 time(s)
[2026-02-27 15:06:39,694][fvcore.nn.jit_analysis][WARNING] - Unsupported operator aten::mul encountered 106 time(s)
[2026-02-27 15:06:39,694][fvcore.nn.jit_analysis][WARNING] - Unsupported operator aten::rsub encountered 53 time(s)
[2026-02-27 15:06:39,695][fvcore.nn.jit_analysis][WARNING] - Unsupported operator aten::add encountered 53 time(s)
[2026-02-27 15:06:41,654][fvcore.nn.jit_analysis][WARNING] - Unsupported operator aten::lt encountered 1 time(s)
[2026-02-27 15:06:41,654][fvcore.nn.jit_analysis][WARNING] - Unsupported operator aten::repeat encountered 53 time(s)
[2026-02-27 15:06:41,654][fvcore.nn.jit_analysis][WARNING] - Unsupported operator aten::add_ encountered 103 time(s)
[2026-02-27 15:06:41,654][fvcore.nn.jit_analysis][WARNING] - Unsupported operator aten::tanh encountered 103 time(s)
[2026-02-27 15:06:41,654][fvcore.nn.jit_analysis][WARNING] - Unsupported operator aten::mul encountered 106 time(s)
[2026-02-27 15:06:41,655][fvcore.nn.jit_analysis][WARNING] - Unsupported operator aten::rsub encountered 53 time(s)
[2026-02-27 15:06:41,655][fvcore.nn.jit_analysis][WARNING] - Unsupported operator aten::add encountered 53 time(s)
[2026-02-27 15:06:43,609][fvcore.nn.jit_analysis][WARNING] - Unsupported operator aten::lt encountered 1 time(s)
[2026-02-27 15:06:43,609][fvcore.nn.jit_analysis][WARNING] - Unsupported operator aten::repeat encountered 53 time(s)
[2026-02-27 15:06:43,609][fvcore.nn.jit_analysis][WARNING] - Unsupported operator aten::add_ encountered 103 time(s)
[2026-02-27 15:06:43,610][fvcore.nn.jit_analysis][WARNING] - Unsupported operator aten::tanh encountered 103 time(s)
[2026-02-27 15:06:43,610][fvcore.nn.jit_analysis][WARNING] - Unsupported operator aten::mul encountered 106 time(s)
[2026-02-27 15:06:43,610][fvcore.nn.jit_analysis][WARNING] - Unsupported operator aten::rsub encountered 53 time(s)
[2026-02-27 15:06:43,610][fvcore.nn.jit_analysis][WARNING] - Unsupported operator aten::add encountered 53 time(s)
